2026-04-23 12:11:20 [error]: List code error:
2026-04-23 12:11:20 [error]: List code error:
2026-04-23 12:12:06 [error]: List code error:
2026-04-23 12:12:06 [error]: List code error:
2026-04-23 12:19:30 [error]: List code error:
2026-04-23 12:19:38 [error]: ReferenceError: COOKIE_OPTIONS is not defined
    at clearAuthCookie (file:///Users/raivokinne/personal/lynx/app/server/src/controllers/auth.js:20:37)
    at logout (file:///Users/raivokinne/personal/lynx/app/server/src/controllers/auth.js:155:5)
    at process.processTicksAndRejections (node:internal/process/task_queues:103:5)
2026-04-23 12:19:48 [error]: Login error:
2026-04-23 12:20:13 [error]: Login error:
2026-04-23 12:21:24 [error]: Login error:
2026-04-23 12:21:30 [error]: List code error:
2026-04-23 12:21:30 [error]: List code error:
2026-04-23 12:24:31 [error]: List code error:
2026-04-23 12:24:38 [error]: List code error:
2026-04-23 12:24:48 [error]: List code error:
2026-04-23 12:24:54 [error]: List code error:
2026-04-23 12:25:55 [error]: List code error:
2026-04-23 12:31:50 [error]: List code error:
2026-04-23 12:38:16 [error]: List code error:
2026-04-23 12:48:02 [error]: List code error:
2026-04-23 12:48:02 [error]: List code error:
2026-04-23 12:48:05 [error]: List code error:
2026-04-23 21:35:38 [error]: List code error:
2026-04-23 21:35:38 [error]: List code error:
2026-04-23 21:35:42 [error]: List code error:
2026-04-23 21:36:28 [error]: List code error:
2026-04-23 21:36:30 [error]: List code error:
2026-04-23 21:36:32 [error]: List code error:
2026-04-23 21:36:44 [error]: List code error:
2026-04-23 21:36:48 [error]: List code error:
2026-04-23 21:36:51 [error]: List code error:
2026-04-23 21:37:01 [error]: List code error:
2026-04-23 21:37:04 [error]: List code error:
2026-04-23 21:37:08 [error]: List code error:
2026-04-23 21:37:15 [error]: List code error:
2026-04-23 21:37:34 [error]: List code error:
2026-04-23 21:37:38 [error]: List code error:
2026-04-23 21:37:41 [error]: List code error:
2026-04-23 21:37:46 [error]: List code error:
2026-04-23 21:37:52 [error]: List code error:
2026-04-23 21:38:02 [error]: List code error:
2026-04-23 21:38:09 [error]: List code error:
2026-04-23 21:38:16 [error]: List code error:
2026-04-23 21:38:22 [error]: List code error:
2026-04-23 21:38:27 [error]: List code error:
2026-04-23 21:38:32 [error]: List code error:
2026-04-23 21:38:38 [error]: List code error:
2026-04-23 21:39:32 [error]: List code error:
2026-04-23 21:39:32 [error]: List code error:
2026-04-23 21:42:00 [error]: List code error:
2026-04-23 21:42:00 [error]: List code error:
2026-04-23 21:43:16 [error]: List code error:
2026-04-23 21:45:53 [error]: List code error:
2026-04-23 21:45:58 [error]: List code error:
2026-04-23 21:46:29 [error]: List code error:
