2026-04-19 07:27:11 [info]: test message
2026-04-19 07:27:11 [error]: test error
2026-04-19 07:29:14 [info]: POST /api/compile 400 - 207ms
2026-04-19 07:29:28 [info]: GET /api/auth/profile 304 - 42ms
2026-04-19 07:29:28 [info]: GET /api/settings 304 - 28ms
2026-04-19 07:29:28 [info]: GET /api/codes?limit=50&offset=0 304 - 26ms
2026-04-19 07:39:45 [info]: GET /api/auth/profile 304 - 63ms
2026-04-19 07:39:46 [info]: GET /api/settings 304 - 41ms
2026-04-19 07:39:46 [info]: GET /api/codes?limit=50&offset=0 304 - 36ms
2026-04-19 07:47:33 [info]: GET /api/auth/profile 304 - 628ms
2026-04-19 07:47:33 [info]: GET /api/settings 304 - 45ms
2026-04-19 07:47:34 [info]: GET /api/codes?limit=50&offset=0 304 - 41ms
2026-04-19 07:47:35 [info]: GET /api/auth/profile 304 - 24ms
2026-04-19 07:47:36 [info]: GET /api/settings 304 - 24ms
2026-04-19 07:47:36 [info]: GET /api/codes?limit=50&offset=0 304 - 133ms
2026-04-19 07:47:54 [info]: POST /api/compile 400 - 272ms
2026-04-19 07:48:04 [info]: POST /api/compile 200 - 203ms
2026-04-19 07:50:07 [info]: GET /api/auth/profile 304 - 35ms
2026-04-19 07:50:07 [info]: GET /api/settings 304 - 29ms
2026-04-19 07:50:07 [info]: GET /api/codes?limit=50&offset=0 304 - 29ms
2026-04-19 07:50:13 [info]: POST /api/compile 400 - 186ms
2026-04-19 07:52:11 [info]: POST /api/compile 400 - 222ms
2026-04-19 07:55:16 [info]: POST /api/compile 200 - 235ms
2026-04-19 08:04:24 [info]: GET /api/auth/profile 304 - 573ms
2026-04-19 08:04:25 [info]: GET /api/settings 304 - 50ms
2026-04-19 08:04:25 [info]: GET /api/codes?limit=50&offset=0 304 - 40ms
2026-04-19 08:17:55 [info]: GET /api/auth/profile 304 - 590ms
2026-04-19 08:17:55 [info]: GET /api/settings 304 - 40ms
2026-04-19 08:17:55 [info]: GET /api/codes?limit=50&offset=0 304 - 35ms
2026-04-19 23:12:39 [info]: GET /api/.env 404 - 5ms
2026-04-20 04:02:20 [info]: GET /api/.env 404 - 3ms
2026-04-20 05:30:03 [info]: GET /api/auth/profile 304 - 754ms
2026-04-20 05:30:03 [info]: GET /api/codes?limit=50&offset=0 304 - 33ms
2026-04-20 05:30:03 [info]: GET /api/settings 304 - 321ms
2026-04-20 09:03:24 [info]: POST /api/auth/login 200 - 656ms
2026-04-20 09:03:24 [info]: GET /api/settings 304 - 35ms
2026-04-20 09:03:24 [info]: GET /api/codes?limit=50&offset=0 304 - 31ms
2026-04-20 09:12:30 [info]: GET /api/auth/profile 304 - 706ms
2026-04-20 09:12:30 [info]: GET /api/settings 304 - 42ms
2026-04-20 09:12:30 [info]: GET /api/codes?limit=50&offset=0 304 - 35ms
2026-04-20 09:46:11 [info]: GET /api/auth/profile 304 - 613ms
2026-04-20 09:46:11 [info]: GET /api/settings 304 - 42ms
2026-04-20 09:46:11 [info]: GET /api/codes?limit=50&offset=0 304 - 36ms
2026-04-20 10:25:40 [info]: GET /api/auth/profile 304 - 635ms
2026-04-20 10:25:40 [info]: GET /api/codes?limit=50&offset=0 304 - 31ms
2026-04-20 10:25:40 [info]: GET /api/settings 304 - 37ms
2026-04-20 10:25:47 [info]: GET /api/auth/profile 304 - 30ms
2026-04-20 10:25:47 [info]: GET /api/codes?limit=50&offset=0 304 - 25ms
2026-04-20 10:25:47 [info]: GET /api/settings 304 - 154ms
2026-04-20 10:25:48 [info]: POST /api/auth/logout 200 - 40ms
2026-04-20 10:26:20 [info]: POST /api/compile 400 - 306ms
2026-04-20 10:26:25 [info]: POST /api/compile 200 - 192ms
2026-04-20 10:26:32 [info]: POST /api/compile 200 - 179ms
2026-04-20 10:29:05 [info]: POST /api/auth/register 400 - 8ms
2026-04-20 10:29:16 [info]: POST /api/auth/register 400 - 206ms
2026-04-20 10:29:23 [info]: POST /api/auth/register 400 - 3ms
2026-04-20 10:29:33 [info]: POST /api/auth/register 400 - 2ms
2026-04-20 10:29:40 [info]: POST /api/auth/register 200 - 157ms
2026-04-20 10:29:42 [info]: GET /api/codes?limit=50&offset=0 304 - 24ms
2026-04-20 10:29:42 [info]: GET /api/settings 200 - 24ms
2026-04-20 10:30:31 [info]: POST /api/auth/logout 200 - 171ms
2026-04-20 10:30:37 [info]: POST /api/auth/register 400 - 1ms
2026-04-20 10:32:39 [info]: POST /api/auth/register 400 - 11ms
2026-04-20 10:35:47 [info]: POST /api/auth/login 200 - 718ms
2026-04-20 10:35:47 [info]: GET /api/codes?limit=50&offset=0 304 - 43ms
2026-04-20 10:35:48 [info]: GET /api/settings 200 - 43ms
2026-04-20 10:35:51 [info]: POST /api/codes 422 - 16ms
2026-04-20 10:35:55 [info]: POST /api/codes 200 - 71ms
2026-04-20 10:35:56 [info]: GET /api/codes?limit=50&offset=0 200 - 24ms
2026-04-20 10:35:59 [info]: POST /api/codes 200 - 60ms
2026-04-20 10:35:59 [info]: GET /api/codes?limit=50&offset=0 200 - 24ms
2026-04-20 10:36:01 [info]: GET /api/codes/90665ea7-d8d9-4c7d-abb5-121b6f68865f 200 - 27ms
2026-04-20 10:36:10 [info]: PUT /api/codes 200 - 75ms
2026-04-20 10:36:10 [info]: PUT /api/codes 200 - 34ms
2026-04-20 10:36:12 [info]: GET /api/codes/54c57394-7a8e-4697-8f72-fa8c188e19ae 200 - 24ms
2026-04-20 10:36:14 [info]: GET /api/codes/54c57394-7a8e-4697-8f72-fa8c188e19ae 304 - 23ms
2026-04-20 10:36:21 [info]: GET /api/codes/54c57394-7a8e-4697-8f72-fa8c188e19ae 304 - 21ms
2026-04-20 10:36:26 [info]: GET /api/codes/54c57394-7a8e-4697-8f72-fa8c188e19ae 304 - 22ms
2026-04-20 10:36:27 [info]: GET /api/codes/54c57394-7a8e-4697-8f72-fa8c188e19ae 304 - 28ms
2026-04-20 10:36:30 [info]: PUT /api/codes 200 - 53ms
2026-04-20 10:47:10 [info]: GET /api/auth/profile 500 - 19119ms
2026-04-20 11:24:38 [info]: POST /api/compile 200 - 337ms
2026-04-20 11:25:08 [info]: POST /api/compile 200 - 178ms
2026-04-20 11:26:04 [info]: POST /api/compile 400 - 188ms
2026-04-20 11:26:19 [info]: POST /api/compile 400 - 196ms
2026-04-20 11:26:50 [info]: POST /api/compile 200 - 181ms
2026-04-20 11:28:09 [info]: POST /api/auth/register 400 - 1ms
2026-04-20 11:28:16 [info]: POST /api/auth/register 400 - 3ms
2026-04-20 11:28:29 [info]: POST /api/auth/register 400 - 1ms
2026-04-20 11:28:42 [info]: POST /api/auth/register 200 - 735ms
2026-04-20 11:28:44 [info]: GET /api/settings 200 - 34ms
2026-04-20 11:28:44 [info]: GET /api/codes?limit=50&offset=0 200 - 42ms
2026-04-20 11:28:51 [info]: POST /api/codes 422 - 15ms
2026-04-20 12:05:03 [info]: POST /api/compile 400 - 229ms
